<?xml version="1.0" encoding="UTF-8"?>
<testsuite xmlns:xsi="http://www.w3.org/2001/XMLSchema-instance" xsi:noNamespaceSchemaLocation="https://maven.apache.org/surefire/maven-surefire-plugin/xsd/surefire-test-report-3.0.xsd" version="3.0" name="cl.iplacex.RunCucumberTest" time="0.323" tests="2" errors="0" skipped="0" failures="0">
  <properties>
[...]
</properties>
  <testcase name="Example #1.1" classname="Examples" time="0.088">
    <system-out><![CDATA[Navegador abierto en Login
]]></system-out>
  </testcase>
  <testcase name="Example #1.2" classname="Examples" time="0.018">
    <system-out><![CDATA[Navegador abierto en Login
]]></system-out>
  </testcase>
</testsuite>